Using pre-set license
Built from '2020.3/staging' branch; Version is '2020.3.11f1 (99c7afb366b3) revision 10078127'; Using compiler version '192528614'; Build Type 'Release'
OS: 'Windows 10 Pro; OS build 19042.1052; Version 2009; 64bit' Language: 'ko' Physical Memory: 15804 MB
BatchMode: 1, IsHumanControllingUs: 0, StartBugReporterOnCrash: 0, Is64bit: 1, IsPro: 0

 COMMAND LINE ARGUMENTS:
C:\Program Files\Unity\Hub\Editor\2020.3.11f1\Editor\Unity.exe
-adb2
-batchMode
-noUpm
-name
AssetImportWorker0
-projectPath
C:/Users/pocari_tea/Desktop/class/unity/ShootingGame
-logFile
Logs/AssetImportWorker0.log
-srvPort
64882
Successfully changed project path to: C:/Users/pocari_tea/Desktop/class/unity/ShootingGame
C:/Users/pocari_tea/Desktop/class/unity/ShootingGame
Using Asset Import Pipeline V2.
Refreshing native plugins compatible for Editor in 119.96 ms, found 4 plugins.
Preloading 0 native plugins for Editor in 0.00 ms.
Initialize engine version: 2020.3.11f1 (99c7afb366b3)
[Subsystems] Discovering subsystems at path C:/Program Files/Unity/Hub/Editor/2020.3.11f1/Editor/Data/Resources/UnitySubsystems
[Subsystems] Discovering subsystems at path C:/Users/pocari_tea/Desktop/class/unity/ShootingGame/Assets
GfxDevice: creating device client; threaded=0
Direct3D:
    Version:  Direct3D 11.0 [level 11.1]
    Renderer: NVIDIA GeForce GTX 1660 Ti (ID=0x2191)
    Vendor:   
    VRAM:     5991 MB
    Driver:   27.21.14.6172
Initialize mono
Mono path[0] = 'C:/Program Files/Unity/Hub/Editor/2020.3.11f1/Editor/Data/Managed'
Mono path[1] = 'C:/Program Files/Unity/Hub/Editor/2020.3.11f1/Editor/Data/MonoBleedingEdge/lib/mono/unityjit'
Mono config path = 'C:/Program Files/Unity/Hub/Editor/2020.3.11f1/Editor/Data/MonoBleedingEdge/etc'
Using monoOptions --debugger-agent=transport=dt_socket,embedding=1,server=y,suspend=n,address=127.0.0.1:56636
Begin MonoManager ReloadAssembly
Registering precompiled unity dll's ...
Register platform support module: C:/Program Files/Unity/Hub/Editor/2020.3.11f1/Editor/Data/PlaybackEngines/WindowsStandaloneSupport/UnityEditor.WindowsStandalone.Extensions.dll
Registered in 0.003354 seconds.
Native extension for WindowsStandalone target not found
Refreshing native plugins compatible for Editor in 59.69 ms, found 4 plugins.
Preloading 0 native plugins for Editor in 0.00 ms.
Mono: successfully reloaded assembly
- Completed reload, in 10.093 seconds
Platform modules already initialized, skipping
Registering precompiled user dll's ...
Registered in 0.032866 seconds.
Begin MonoManager ReloadAssembly
Symbol file LoadedFromMemory is not a mono symbol file
Native extension for WindowsStandalone target not found
Refreshing native plugins compatible for Editor in 1.49 ms, found 4 plugins.
Preloading 0 native plugins for Editor in 0.00 ms.
Mono: successfully reloaded assembly
- Completed reload, in  1.874 seconds
Platform modules already initialized, skipping
========================================================================
Worker process is ready to serve import requests
Launched and connected shader compiler UnityShaderCompiler.exe after 0.09 seconds
Refreshing native plugins compatible for Editor in 1.47 ms, found 4 plugins.
Preloading 0 native plugins for Editor in 0.00 ms.
Unloading 1638 Unused Serialized files (Serialized files now loaded: 0)
System memory in use before: 75.3 MB.
System memory in use after: 75.3 MB.

Unloading 100 unused Assets to reduce memory usage. Loaded Objects now: 2012.
Total: 4.611200 ms (FindLiveObjects: 0.296100 ms CreateObjectMapping: 0.053500 ms MarkObjects: 3.971400 ms  DeleteObjects: 0.287300 ms)

========================================================================
Received Import Request.
  path: Assets/google-services.json
  artifactKey: Guid(3785a47a1c8a2cc48bc5a1f79aec668d) Importer(815301076,1909f56bfc062723c751e8b465ee728b)
Start importing Assets/google-services.json using Guid(3785a47a1c8a2cc48bc5a1f79aec668d) Importer(815301076,1909f56bfc062723c751e8b465ee728b)  -> (artifact id: '8731c5d17b404396dfb74edbf34f7c73') in 0.060690 seconds
  Import took 0.065048 seconds .

========================================================================
Received Import Request.
  Time since last request: 583.877420 seconds.
  path: Assets/Scenes
  artifactKey: Guid(8301339b78b981646a65130363db98f2) Importer(815301076,1909f56bfc062723c751e8b465ee728b)
Start importing Assets/Scenes using Guid(8301339b78b981646a65130363db98f2) Importer(815301076,1909f56bfc062723c751e8b465ee728b)  -> (artifact id: 'f4d354d7dc39833be91d2caeb241c96d') in 0.016657 seconds
  Import took 0.021200 seconds .

========================================================================
Received Import Request.
  Time since last request: 299.324698 seconds.
  path: Assets/NewAudioMixer.mixer
  artifactKey: Guid(156bd75eff0ba5b43a8f56574feaa18b) Importer(815301076,1909f56bfc062723c751e8b465ee728b)
Start importing Assets/NewAudioMixer.mixer using Guid(156bd75eff0ba5b43a8f56574feaa18b) Importer(815301076,1909f56bfc062723c751e8b465ee728b)  -> (artifact id: '98b6676a9d6cb6c2c097c0cef877efa5') in 0.017997 seconds
  Import took 0.022211 seconds .

========================================================================
Received Import Request.
  Time since last request: 173.351406 seconds.
  path: Assets/Firebase
  artifactKey: Guid(214e78acac5d85642957e77f6c7deb89) Importer(815301076,1909f56bfc062723c751e8b465ee728b)
Start importing Assets/Firebase using Guid(214e78acac5d85642957e77f6c7deb89) Importer(815301076,1909f56bfc062723c751e8b465ee728b)  -> (artifact id: 'df0fb2032aa58a3753c4c20ae1d5c107') in 0.014315 seconds
  Import took 0.019281 seconds .

========================================================================
Received Import Request.
  Time since last request: 11.415642 seconds.
  path: Assets/Firebase/m2repository
  artifactKey: Guid(65cf72f9024f2d74da6d598ede7b6575) Importer(815301076,1909f56bfc062723c751e8b465ee728b)
Start importing Assets/Firebase/m2repository using Guid(65cf72f9024f2d74da6d598ede7b6575) Importer(815301076,1909f56bfc062723c751e8b465ee728b)  -> (artifact id: '928de16447727a637d1c27030bfbcef9') in 0.015699 seconds
  Import took 0.020576 seconds .

========================================================================
Received Import Request.
  Time since last request: 5.068552 seconds.
  path: Assets/Firebase/m2repository/com
  artifactKey: Guid(7790faa6e19c2ca4c92538b24bb0c384) Importer(815301076,1909f56bfc062723c751e8b465ee728b)
Start importing Assets/Firebase/m2repository/com using Guid(7790faa6e19c2ca4c92538b24bb0c384) Importer(815301076,1909f56bfc062723c751e8b465ee728b)  -> (artifact id: 'bd21a2cef3b1ff5c1a29e840b6b03221') in 0.013611 seconds
  Import took 0.017786 seconds .

========================================================================
Received Import Request.
  Time since last request: 1.288727 seconds.
  path: Assets/Firebase/m2repository/com/google
  artifactKey: Guid(6999b3051fc20d244aa6e250fe351890) Importer(815301076,1909f56bfc062723c751e8b465ee728b)
Start importing Assets/Firebase/m2repository/com/google using Guid(6999b3051fc20d244aa6e250fe351890) Importer(815301076,1909f56bfc062723c751e8b465ee728b)  -> (artifact id: '0b7c358c69c304af2a2bb4da1ab9b746') in 0.013261 seconds
  Import took 0.018043 seconds .

========================================================================
Received Import Request.
  Time since last request: 1.101334 seconds.
  path: Assets/Firebase/m2repository/com/google/firebase
  artifactKey: Guid(e6f067e1b5b91ac4291498d85f8e12a8) Importer(815301076,1909f56bfc062723c751e8b465ee728b)
Start importing Assets/Firebase/m2repository/com/google/firebase using Guid(e6f067e1b5b91ac4291498d85f8e12a8) Importer(815301076,1909f56bfc062723c751e8b465ee728b)  -> (artifact id: 'abc79adfb2c4b6fa50e19755bbcddf14') in 0.015054 seconds
  Import took 0.020850 seconds .

========================================================================
Received Import Request.
  Time since last request: 1.303937 seconds.
  path: Assets/Firebase/m2repository/com/google/firebase/firebase-app-unity
  artifactKey: Guid(bf4ecf23c8f85554999f4afdb64c30b2) Importer(815301076,1909f56bfc062723c751e8b465ee728b)
Start importing Assets/Firebase/m2repository/com/google/firebase/firebase-app-unity using Guid(bf4ecf23c8f85554999f4afdb64c30b2) Importer(815301076,1909f56bfc062723c751e8b465ee728b)  -> (artifact id: '8d53e3f67c799f6acd15fb5aa5ce8d5d') in 0.015588 seconds
  Import took 0.020435 seconds .

========================================================================
Received Import Request.
  Time since last request: 2.054205 seconds.
  path: Assets/Firebase/m2repository/com/google/firebase/firebase-auth-unity
  artifactKey: Guid(96e47c47c91e860409cf48857c5e4b1d) Importer(815301076,1909f56bfc062723c751e8b465ee728b)
Start importing Assets/Firebase/m2repository/com/google/firebase/firebase-auth-unity using Guid(96e47c47c91e860409cf48857c5e4b1d) Importer(815301076,1909f56bfc062723c751e8b465ee728b)  -> (artifact id: '510a576648bf6d7f3dfaa5670f29a78d') in 0.012916 seconds
  Import took 0.017769 seconds .

========================================================================
Received Import Request.
  Time since last request: 1.334154 seconds.
  path: Assets/Firebase/m2repository/com/google/firebase/firebase-auth-unity/7.2.0
  artifactKey: Guid(543c3ab575c3bdf4b9451c8cb9b0c9d2) Importer(815301076,1909f56bfc062723c751e8b465ee728b)
Start importing Assets/Firebase/m2repository/com/google/firebase/firebase-auth-unity/7.2.0 using Guid(543c3ab575c3bdf4b9451c8cb9b0c9d2) Importer(815301076,1909f56bfc062723c751e8b465ee728b)  -> (artifact id: '557fb072750dcc8c2808d6daf49fb108') in 0.013313 seconds
  Import took 0.017957 seconds .

========================================================================
Received Import Request.
  Time since last request: 1.777674 seconds.
  path: Assets/Firebase/m2repository/com/google/firebase/firebase-auth-unity/7.2.0/firebase-auth-unity-7.2.0.pom
  artifactKey: Guid(9f8c40da00ba4eb09d6cc8bb705197b5) Importer(815301076,1909f56bfc062723c751e8b465ee728b)
Start importing Assets/Firebase/m2repository/com/google/firebase/firebase-auth-unity/7.2.0/firebase-auth-unity-7.2.0.pom using Guid(9f8c40da00ba4eb09d6cc8bb705197b5) Importer(815301076,1909f56bfc062723c751e8b465ee728b)  -> (artifact id: 'd5ad61bfc1ee33055a67507dfc0e5a27') in 0.017601 seconds
  Import took 0.023838 seconds .

========================================================================
Received Prepare
Registering precompiled user dll's ...
Registered in 0.021002 seconds.
Begin MonoManager ReloadAssembly
Symbol file LoadedFromMemory is not a mono symbol file
Native extension for WindowsStandalone target not found
Refreshing native plugins compatible for Editor in 2.62 ms, found 4 plugins.
Preloading 0 native plugins for Editor in 0.00 ms.
Mono: successfully reloaded assembly
- Completed reload, in  1.778 seconds
Platform modules already initialized, skipping
Switching build target platform(19) subTarget(0) extendedPlatform(0) -> platform(13) subTarget(537395200) extendedPlatform(0)
Refreshing native plugins compatible for Editor in 2.28 ms, found 4 plugins.
Preloading 0 native plugins for Editor in 0.00 ms.
Unloading 1636 Unused Serialized files (Serialized files now loaded: 0)
System memory in use before: 75.2 MB.
System memory in use after: 75.3 MB.

Unloading 95 unused Assets to reduce memory usage. Loaded Objects now: 2015.
Total: 4.247900 ms (FindLiveObjects: 0.294800 ms CreateObjectMapping: 0.061600 ms MarkObjects: 3.829100 ms  DeleteObjects: 0.060600 ms)

AssetImportParameters requested are different than current active one (requested -> active):
  custom:graphics/normal-map-encoding: 01000000000000000000000000000000 -> 02000000000000000000000000000000
========================================================================
Received Prepare
Registering precompiled user dll's ...
Registered in 0.025739 seconds.
Begin MonoManager ReloadAssembly
Symbol file LoadedFromMemory is not a mono symbol file
Native extension for WindowsStandalone target not found
Refreshing native plugins compatible for Editor in 1.81 ms, found 4 plugins.
Preloading 0 native plugins for Editor in 0.00 ms.
Mono: successfully reloaded assembly
- Completed reload, in  1.810 seconds
Platform modules already initialized, skipping
Switching build target platform(19) subTarget(0) extendedPlatform(0) -> platform(13) subTarget(537395200) extendedPlatform(0)
Refreshing native plugins compatible for Editor in 2.39 ms, found 4 plugins.
Preloading 0 native plugins for Editor in 0.00 ms.
Unloading 1636 Unused Serialized files (Serialized files now loaded: 0)
System memory in use before: 75.3 MB.
System memory in use after: 75.4 MB.

Unloading 95 unused Assets to reduce memory usage. Loaded Objects now: 2018.
Total: 5.225900 ms (FindLiveObjects: 0.361100 ms CreateObjectMapping: 0.069200 ms MarkObjects: 4.690800 ms  DeleteObjects: 0.101600 ms)

AssetImportParameters requested are different than current active one (requested -> active):
  custom:graphics/normal-map-encoding: 01000000000000000000000000000000 -> 02000000000000000000000000000000
========================================================================
Received Prepare
Registering precompiled user dll's ...
Registered in 0.023591 seconds.
Begin MonoManager ReloadAssembly
Symbol file LoadedFromMemory is not a mono symbol file
Native extension for WindowsStandalone target not found
Refreshing native plugins compatible for Editor in 1.92 ms, found 4 plugins.
Preloading 0 native plugins for Editor in 0.00 ms.
Mono: successfully reloaded assembly
- Completed reload, in  2.122 seconds
Platform modules already initialized, skipping
Switching build target platform(19) subTarget(0) extendedPlatform(0) -> platform(13) subTarget(537395200) extendedPlatform(0)
Refreshing native plugins compatible for Editor in 2.06 ms, found 4 plugins.
Preloading 0 native plugins for Editor in 0.00 ms.
Unloading 1685 Unused Serialized files (Serialized files now loaded: 0)
System memory in use before: 76.8 MB.
System memory in use after: 76.9 MB.

Unloading 144 unused Assets to reduce memory usage. Loaded Objects now: 2021.
Total: 4.784600 ms (FindLiveObjects: 0.552000 ms CreateObjectMapping: 0.091200 ms MarkObjects: 4.054400 ms  DeleteObjects: 0.083600 ms)

AssetImportParameters requested are different than current active one (requested -> active):
  custom:graphics/normal-map-encoding: 01000000000000000000000000000000 -> 02000000000000000000000000000000
========================================================================
Received Prepare
Registering precompiled user dll's ...
Registered in 0.016131 seconds.
Begin MonoManager ReloadAssembly
Symbol file LoadedFromMemory is not a mono symbol file
Native extension for WindowsStandalone target not found
Refreshing native plugins compatible for Editor in 1.76 ms, found 2 plugins.
Preloading 0 native plugins for Editor in 0.00 ms.
Mono: successfully reloaded assembly
- Completed reload, in  2.070 seconds
Platform modules already initialized, skipping
Switching build target platform(19) subTarget(0) extendedPlatform(0) -> platform(13) subTarget(537395200) extendedPlatform(0)
Refreshing native plugins compatible for Editor in 0.88 ms, found 2 plugins.
Preloading 0 native plugins for Editor in 0.00 ms.
Unloading 1622 Unused Serialized files (Serialized files now loaded: 0)
System memory in use before: 75.0 MB.
System memory in use after: 75.1 MB.

Unloading 81 unused Assets to reduce memory usage. Loaded Objects now: 2024.
Total: 3.882300 ms (FindLiveObjects: 0.292100 ms CreateObjectMapping: 0.060300 ms MarkObjects: 3.388500 ms  DeleteObjects: 0.138400 ms)

AssetImportParameters requested are different than current active one (requested -> active):
  custom:graphics/normal-map-encoding: 01000000000000000000000000000000 -> 02000000000000000000000000000000
========================================================================
Received Import Request.
  Time since last request: 995.163042 seconds.
  path: Assets/Photon
  artifactKey: Guid(98951132346795f438babe7a3183da43) Importer(815301076,1909f56bfc062723c751e8b465ee728b)
Start importing Assets/Photon using Guid(98951132346795f438babe7a3183da43) Importer(815301076,1909f56bfc062723c751e8b465ee728b)  -> (artifact id: 'f1844fb2484027392bdeedc942fd0b90') in 0.022108 seconds
  Import took 0.026801 seconds .

========================================================================
Received Import Request.
  Time since last request: 0.005783 seconds.
  path: Assets/Photon
  artifactKey: Guid(98951132346795f438babe7a3183da43) Importer(815301076,1909f56bfc062723c751e8b465ee728b)
Start importing Assets/Photon using Guid(98951132346795f438babe7a3183da43) Importer(815301076,1909f56bfc062723c751e8b465ee728b)  -> (artifact id: 'f1844fb2484027392bdeedc942fd0b90') in 0.008115 seconds
  Import took 0.012155 seconds .

========================================================================
Received Import Request.
  Time since last request: 0.279519 seconds.
  path: Assets/Physics
  artifactKey: Guid(7bdb20f7b5c426e46aedb68822698a92) Importer(815301076,1909f56bfc062723c751e8b465ee728b)
Start importing Assets/Physics using Guid(7bdb20f7b5c426e46aedb68822698a92) Importer(815301076,1909f56bfc062723c751e8b465ee728b)  -> (artifact id: '67399f8c44dcf3aa75d4058eed66c6f8') in 0.018585 seconds
  Import took 0.023144 seconds .

========================================================================
Received Import Request.
  Time since last request: 0.300627 seconds.
  path: Assets/Prefabs
  artifactKey: Guid(36d09f99d5442b54ca6bdc310a87e944) Importer(815301076,1909f56bfc062723c751e8b465ee728b)
Start importing Assets/Prefabs using Guid(36d09f99d5442b54ca6bdc310a87e944) Importer(815301076,1909f56bfc062723c751e8b465ee728b)  -> (artifact id: '796db5f95cdf6997b0cdb8e6cafaf796') in 0.014849 seconds
  Import took 0.019279 seconds .

========================================================================
Received Import Request.
  Time since last request: 0.333277 seconds.
  path: Assets/Resources
  artifactKey: Guid(64e55dc8043bfc144b8bf670b594c1d8) Importer(815301076,1909f56bfc062723c751e8b465ee728b)
Start importing Assets/Resources using Guid(64e55dc8043bfc144b8bf670b594c1d8) Importer(815301076,1909f56bfc062723c751e8b465ee728b)  -> (artifact id: '691c72aa077e7eb75cd5795d2e33dd56') in 0.015962 seconds
  Import took 0.020286 seconds .

========================================================================
Received Prepare
Registering precompiled user dll's ...
Registered in 0.027415 seconds.
Begin MonoManager ReloadAssembly
Symbol file LoadedFromMemory is not a mono symbol file
Native extension for WindowsStandalone target not found
Refreshing native plugins compatible for Editor in 0.74 ms, found 4 plugins.
Preloading 0 native plugins for Editor in 0.00 ms.
Mono: successfully reloaded assembly
- Completed reload, in  1.823 seconds
Platform modules already initialized, skipping
Switching build target platform(19) subTarget(0) extendedPlatform(0) -> platform(13) subTarget(537395200) extendedPlatform(0)
Refreshing native plugins compatible for Editor in 0.80 ms, found 4 plugins.
Preloading 0 native plugins for Editor in 0.00 ms.
Unloading 1584 Unused Serialized files (Serialized files now loaded: 0)
System memory in use before: 74.1 MB.
System memory in use after: 74.2 MB.

Unloading 43 unused Assets to reduce memory usage. Loaded Objects now: 2027.
Total: 3.871800 ms (FindLiveObjects: 0.223100 ms CreateObjectMapping: 0.050100 ms MarkObjects: 3.544500 ms  DeleteObjects: 0.051900 ms)

AssetImportParameters requested are different than current active one (requested -> active):
  custom:graphics/normal-map-encoding: 01000000000000000000000000000000 -> 02000000000000000000000000000000
========================================================================
Received Prepare
Registering precompiled user dll's ...
Registered in 0.023895 seconds.
Begin MonoManager ReloadAssembly
Symbol file LoadedFromMemory is not a mono symbol file
Native extension for WindowsStandalone target not found
Refreshing native plugins compatible for Editor in 0.99 ms, found 4 plugins.
Preloading 0 native plugins for Editor in 0.00 ms.
Mono: successfully reloaded assembly
- Completed reload, in  1.781 seconds
Platform modules already initialized, skipping
Switching build target platform(19) subTarget(0) extendedPlatform(0) -> platform(13) subTarget(537395200) extendedPlatform(0)
Refreshing native plugins compatible for Editor in 1.02 ms, found 4 plugins.
Preloading 0 native plugins for Editor in 0.00 ms.
Unloading 1584 Unused Serialized files (Serialized files now loaded: 0)
System memory in use before: 74.1 MB.
System memory in use after: 74.2 MB.

Unloading 43 unused Assets to reduce memory usage. Loaded Objects now: 2030.
Total: 4.244200 ms (FindLiveObjects: 0.288200 ms CreateObjectMapping: 0.063800 ms MarkObjects: 3.833600 ms  DeleteObjects: 0.055700 ms)

AssetImportParameters requested are different than current active one (requested -> active):
  custom:graphics/normal-map-encoding: 01000000000000000000000000000000 -> 02000000000000000000000000000000
========================================================================
Received Prepare
Registering precompiled user dll's ...
Registered in 0.026822 seconds.
Begin MonoManager ReloadAssembly
Symbol file LoadedFromMemory is not a mono symbol file
Native extension for WindowsStandalone target not found
Refreshing native plugins compatible for Editor in 0.95 ms, found 4 plugins.
Preloading 0 native plugins for Editor in 0.00 ms.
Mono: successfully reloaded assembly
- Completed reload, in  2.068 seconds
Platform modules already initialized, skipping
Switching build target platform(19) subTarget(0) extendedPlatform(0) -> platform(13) subTarget(537395200) extendedPlatform(0)
Refreshing native plugins compatible for Editor in 0.74 ms, found 4 plugins.
Preloading 0 native plugins for Editor in 0.00 ms.
Unloading 1633 Unused Serialized files (Serialized files now loaded: 0)
System memory in use before: 75.4 MB.
System memory in use after: 75.5 MB.

Unloading 92 unused Assets to reduce memory usage. Loaded Objects now: 2033.
Total: 6.264200 ms (FindLiveObjects: 0.483200 ms CreateObjectMapping: 0.085100 ms MarkObjects: 5.484500 ms  DeleteObjects: 0.206200 ms)

AssetImportParameters requested are different than current active one (requested -> active):
  custom:graphics/normal-map-encoding: 01000000000000000000000000000000 -> 02000000000000000000000000000000
========================================================================
Received Import Request.
  Time since last request: 202.553049 seconds.
  path: Assets/Sprites
  artifactKey: Guid(00c4eb4c395df45478bf972bc3d1003c) Importer(815301076,1909f56bfc062723c751e8b465ee728b)
Start importing Assets/Sprites using Guid(00c4eb4c395df45478bf972bc3d1003c) Importer(815301076,1909f56bfc062723c751e8b465ee728b)  -> (artifact id: '5ba7461f3543f1bc5d49b67024216ddc') in 0.021890 seconds
  Import took 0.028333 seconds .

========================================================================
Received Import Request.
  Time since last request: 0.617878 seconds.
  path: Assets/Scripts
  artifactKey: Guid(9eead74945dde124692688dc59867181) Importer(815301076,1909f56bfc062723c751e8b465ee728b)
Start importing Assets/Scripts using Guid(9eead74945dde124692688dc59867181) Importer(815301076,1909f56bfc062723c751e8b465ee728b)  -> (artifact id: 'b3376d717d7210516113b4259b763f19') in 0.016875 seconds
  Import took 0.022627 seconds .

========================================================================
Received Import Request.
  Time since last request: 1.300077 seconds.
  path: Assets/Materials
  artifactKey: Guid(1c9b5b16bc9027342a4e4beb4f9a63c4) Importer(815301076,1909f56bfc062723c751e8b465ee728b)
Start importing Assets/Materials using Guid(1c9b5b16bc9027342a4e4beb4f9a63c4) Importer(815301076,1909f56bfc062723c751e8b465ee728b)  -> (artifact id: '3b163c57471d8e5881e4e95f5a5e4d74') in 0.014201 seconds
  Import took 0.019678 seconds .

========================================================================
Received Import Request.
  Time since last request: 0.315639 seconds.
  path: Assets/Parse
  artifactKey: Guid(c8f20b6fa67177948ae1907d84c678bf) Importer(815301076,1909f56bfc062723c751e8b465ee728b)
Start importing Assets/Parse using Guid(c8f20b6fa67177948ae1907d84c678bf) Importer(815301076,1909f56bfc062723c751e8b465ee728b)  -> (artifact id: '4fa6e0af82c72525f604e8530c85e498') in 0.017105 seconds
  Import took 0.021698 seconds .

========================================================================
Received Import Request.
  Time since last request: 0.511083 seconds.
  path: Assets/Plugins
  artifactKey: Guid(89ddd618a83ea2c4bad9700c45448e32) Importer(815301076,1909f56bfc062723c751e8b465ee728b)
Start importing Assets/Plugins using Guid(89ddd618a83ea2c4bad9700c45448e32) Importer(815301076,1909f56bfc062723c751e8b465ee728b)  -> (artifact id: '40edf531a714cb9f969caaf1f3489b59') in 0.014739 seconds
  Import took 0.020274 seconds .

========================================================================
Received Import Request.
  Time since last request: 61.259961 seconds.
  path: Assets/NewAudioMixer.mixer
  artifactKey: Guid(156bd75eff0ba5b43a8f56574feaa18b) Importer(815301076,1909f56bfc062723c751e8b465ee728b)
Start importing Assets/NewAudioMixer.mixer using Guid(156bd75eff0ba5b43a8f56574feaa18b) Importer(815301076,1909f56bfc062723c751e8b465ee728b)  -> (artifact id: '865d712fea55d88b4fb2320804aef01e') in 0.033014 seconds
  Import took 0.038208 seconds .

========================================================================
Received Import Request.
  Time since last request: 0.001110 seconds.
  path: Assets/NewAudioMixer.mixer
  artifactKey: Guid(156bd75eff0ba5b43a8f56574feaa18b) Importer(815301076,1909f56bfc062723c751e8b465ee728b)
Start importing Assets/NewAudioMixer.mixer using Guid(156bd75eff0ba5b43a8f56574feaa18b) Importer(815301076,1909f56bfc062723c751e8b465ee728b)  -> (artifact id: '865d712fea55d88b4fb2320804aef01e') in 0.008313 seconds
  Import took 0.014376 seconds .

========================================================================
Received Import Request.
  Time since last request: 2.547482 seconds.
  path: Assets/Sprite
  artifactKey: Guid(91de314c79ec83444ae958ed94fd92ac) Importer(815301076,1909f56bfc062723c751e8b465ee728b)
Start importing Assets/Sprite using Guid(91de314c79ec83444ae958ed94fd92ac) Importer(815301076,1909f56bfc062723c751e8b465ee728b)  -> (artifact id: '490e662c0bbea7b9acb3ad109bfa9b7c') in 0.016235 seconds
  Import took 0.021555 seconds .

========================================================================
Received Import Request.
  Time since last request: 0.724924 seconds.
  path: Assets/Firebase/Plugins
  artifactKey: Guid(8aa412c750139ce4085bbb0e5e6b725a) Importer(815301076,1909f56bfc062723c751e8b465ee728b)
Start importing Assets/Firebase/Plugins using Guid(8aa412c750139ce4085bbb0e5e6b725a) Importer(815301076,1909f56bfc062723c751e8b465ee728b)  -> (artifact id: 'bafefabc845578153362fffcab9b8c33') in 0.005145 seconds
  Import took 0.009309 seconds .

AssetImportWorkerClient::OnTransportError - code=2 error=End of file
